2019-03-17 18:31:42,004 INFO o.a.j.u.JMeterUtils: Setting Locale to en_EN
2019-03-17 18:31:42,053 INFO o.a.j.JMeter: Loading user properties from: /usr/local/Cellar/jmeter/5.0/libexec/bin/user.properties
2019-03-17 18:31:42,054 INFO o.a.j.JMeter: Loading system properties from: /usr/local/Cellar/jmeter/5.0/libexec/bin/system.properties
2019-03-17 18:31:42,065 INFO o.a.j.JMeter: Copyright (c) 1998-2018 The Apache Software Foundation
2019-03-17 18:31:42,065 INFO o.a.j.JMeter: Version 5.0 r1840935
2019-03-17 18:31:42,066 INFO o.a.j.JMeter: java.version=11.0.2
2019-03-17 18:31:42,066 INFO o.a.j.JMeter: java.vm.name=Java HotSpot(TM) 64-Bit Server VM
2019-03-17 18:31:42,066 INFO o.a.j.JMeter: os.name=Mac OS X
2019-03-17 18:31:42,066 INFO o.a.j.JMeter: os.arch=x86_64
2019-03-17 18:31:42,067 INFO o.a.j.JMeter: os.version=10.14.3
2019-03-17 18:31:42,067 INFO o.a.j.JMeter: file.encoding=UTF-8
2019-03-17 18:31:42,067 INFO o.a.j.JMeter: Max memory     =1073741824
2019-03-17 18:31:42,067 INFO o.a.j.JMeter: Available Processors =4
2019-03-17 18:31:42,081 INFO o.a.j.JMeter: Default Locale=English (EN)
2019-03-17 18:31:42,082 INFO o.a.j.JMeter: JMeter  Locale=English (EN)
2019-03-17 18:31:42,082 INFO o.a.j.JMeter: JMeterHome=/usr/local/Cellar/jmeter/5.0/libexec
2019-03-17 18:31:42,082 INFO o.a.j.JMeter: user.dir  =/Users/michaeldigiacomi/Source/kubernetes-jmeter-orchestrator/JMeter-Orchestrator
2019-03-17 18:31:42,083 INFO o.a.j.JMeter: PWD       =/Users/michaeldigiacomi/Source/kubernetes-jmeter-orchestrator/JMeter-Orchestrator
2019-03-17 18:31:42,085 INFO o.a.j.JMeter: IP: 192.168.0.106 Name: Michaels-MacBook-Pro.local FullName: 192.168.0.106
2019-03-17 18:31:42,091 INFO o.a.j.s.FileServer: Default base='/Users/michaeldigiacomi/Source/kubernetes-jmeter-orchestrator/JMeter-Orchestrator'
2019-03-17 18:31:42,093 INFO o.a.j.s.FileServer: Set new base='/tmp/JMeter/DevOps/DevOps-Testing/00000000-0000-0000-0000-000000000000/Michaels-MacBook-Pro-031719-183140'
2019-03-17 18:31:42,320 INFO o.a.j.s.SaveService: Testplan (JMX) version: 2.2. Testlog (JTL) version: 2.2
2019-03-17 18:31:42,354 INFO o.a.j.s.SaveService: Using SaveService properties version 5.0
2019-03-17 18:31:42,361 INFO o.a.j.s.SaveService: Using SaveService properties file encoding UTF-8
2019-03-17 18:31:42,368 INFO o.a.j.s.SaveService: Loading file: /tmp/JMeter/DevOps/DevOps-Testing/00000000-0000-0000-0000-000000000000/Michaels-MacBook-Pro-031719-183140/jmeter-tests.jmx
2019-03-17 18:31:42,437 INFO o.a.j.p.h.s.HTTPSamplerBase: Parser for text/html is org.apache.jmeter.protocol.http.parser.LagartoBasedHtmlParser
2019-03-17 18:31:42,437 INFO o.a.j.p.h.s.HTTPSamplerBase: Parser for application/xhtml+xml is org.apache.jmeter.protocol.http.parser.LagartoBasedHtmlParser
2019-03-17 18:31:42,437 INFO o.a.j.p.h.s.HTTPSamplerBase: Parser for application/xml is org.apache.jmeter.protocol.http.parser.LagartoBasedHtmlParser
2019-03-17 18:31:42,437 INFO o.a.j.p.h.s.HTTPSamplerBase: Parser for text/xml is org.apache.jmeter.protocol.http.parser.LagartoBasedHtmlParser
2019-03-17 18:31:42,437 INFO o.a.j.p.h.s.HTTPSamplerBase: Parser for text/vnd.wap.wml is org.apache.jmeter.protocol.http.parser.RegexpHTMLParser
2019-03-17 18:31:42,437 INFO o.a.j.p.h.s.HTTPSamplerBase: Parser for text/css is org.apache.jmeter.protocol.http.parser.CssParser
2019-03-17 18:31:42,449 INFO o.a.j.JMeter: Creating summariser <summary>
2019-03-17 18:31:42,463 INFO o.a.j.e.StandardJMeterEngine: Running the test!
2019-03-17 18:31:42,464 INFO o.a.j.s.SampleEvent: List of sample_variables: []
2019-03-17 18:31:42,464 INFO o.a.j.s.SampleEvent: List of sample_variables: []
2019-03-17 18:31:42,478 INFO o.a.j.e.u.CompoundVariable: Note: Function class names must contain the string: '.functions.'
2019-03-17 18:31:42,478 INFO o.a.j.e.u.CompoundVariable: Note: Function class names must not contain the string: '.gui.'
2019-03-17 18:31:42,977 INFO o.a.j.JMeter: Running test (1552861902977)
2019-03-17 18:31:43,010 INFO o.a.j.e.StandardJMeterEngine: Starting ThreadGroup: 1 : Thread Group
2019-03-17 18:31:43,011 INFO o.a.j.e.StandardJMeterEngine: Starting 50 threads for group Thread Group.
2019-03-17 18:31:43,011 INFO o.a.j.e.StandardJMeterEngine: Thread will continue on error
2019-03-17 18:31:43,011 INFO o.a.j.t.ThreadGroup: Starting thread group... number=1 threads=50 ramp-up=1 perThread=20.0 delayedStart=false
2019-03-17 18:31:43,025 INFO o.a.j.t.JMeterThread: Thread started: Thread Group 1-1
2019-03-17 18:31:43,045 INFO o.a.j.t.JMeterThread: Thread started: Thread Group 1-2
2019-03-17 18:31:43,060 INFO o.a.j.t.ThreadGroup: Started thread group number 1
2019-03-17 18:31:43,060 INFO o.a.j.e.StandardJMeterEngine: All thread groups have been started
2019-03-17 18:31:43,064 INFO o.a.j.p.h.s.HTTPHCAbstractImpl: Local host = Michaels-MacBook-Pro.local
2019-03-17 18:31:43,065 INFO o.a.j.t.JMeterThread: Thread started: Thread Group 1-3
2019-03-17 18:31:43,074 INFO o.a.j.p.h.s.HTTPHC4Impl: HTTP request retry count = 0
2019-03-17 18:31:43,077 INFO o.a.j.s.SampleResult: Note: Sample TimeStamps are START times
2019-03-17 18:31:43,077 INFO o.a.j.s.SampleResult: sampleresult.default.encoding is set to ISO-8859-1
2019-03-17 18:31:43,077 INFO o.a.j.s.SampleResult: sampleresult.useNanoTime=true
2019-03-17 18:31:43,077 INFO o.a.j.s.SampleResult: sampleresult.nanoThreadSleep=5000
2019-03-17 18:31:43,086 INFO o.a.j.t.JMeterThread: Thread started: Thread Group 1-4
2019-03-17 18:31:43,110 INFO o.a.j.t.JMeterThread: Thread started: Thread Group 1-5
2019-03-17 18:31:43,130 INFO o.a.j.t.JMeterThread: Thread started: Thread Group 1-6
2019-03-17 18:31:43,154 INFO o.a.j.t.JMeterThread: Thread started: Thread Group 1-7
2019-03-17 18:31:43,174 INFO o.a.j.t.JMeterThread: Thread started: Thread Group 1-8
2019-03-17 18:31:43,199 INFO o.a.j.t.JMeterThread: Thread started: Thread Group 1-9
2019-03-17 18:31:43,217 INFO o.a.j.t.JMeterThread: Thread started: Thread Group 1-10
2019-03-17 18:31:43,239 INFO o.a.j.t.JMeterThread: Thread started: Thread Group 1-11
2019-03-17 18:31:43,257 INFO o.a.j.t.JMeterThread: Thread started: Thread Group 1-12
2019-03-17 18:31:43,278 INFO o.a.j.t.JMeterThread: Thread started: Thread Group 1-13
2019-03-17 18:31:43,300 INFO o.a.j.t.JMeterThread: Thread started: Thread Group 1-14
2019-03-17 18:31:43,322 INFO o.a.j.t.JMeterThread: Thread started: Thread Group 1-15
2019-03-17 18:31:43,345 INFO o.a.j.t.JMeterThread: Thread started: Thread Group 1-16
2019-03-17 18:31:43,367 INFO o.a.j.t.JMeterThread: Thread started: Thread Group 1-17
2019-03-17 18:31:43,384 INFO o.a.j.t.JMeterThread: Thread started: Thread Group 1-18
2019-03-17 18:31:43,405 INFO o.a.j.t.JMeterThread: Thread started: Thread Group 1-19
2019-03-17 18:31:43,425 INFO o.a.j.t.JMeterThread: Thread started: Thread Group 1-20
2019-03-17 18:31:43,446 INFO o.a.j.t.JMeterThread: Thread started: Thread Group 1-21
2019-03-17 18:31:43,465 INFO o.a.j.u.JsseSSLManager: Using default SSL protocol: TLS
2019-03-17 18:31:43,466 INFO o.a.j.u.JsseSSLManager: SSL session context: per-thread
2019-03-17 18:31:43,471 INFO o.a.j.t.JMeterThread: Thread started: Thread Group 1-22
2019-03-17 18:31:43,488 INFO o.a.j.t.JMeterThread: Thread started: Thread Group 1-23
2019-03-17 18:31:43,508 INFO o.a.j.t.JMeterThread: Thread started: Thread Group 1-24
2019-03-17 18:31:43,529 INFO o.a.j.t.JMeterThread: Thread started: Thread Group 1-25
2019-03-17 18:31:43,549 INFO o.a.j.t.JMeterThread: Thread started: Thread Group 1-26
2019-03-17 18:31:43,573 INFO o.a.j.t.JMeterThread: Thread started: Thread Group 1-27
2019-03-17 18:31:43,590 INFO o.a.j.t.JMeterThread: Thread started: Thread Group 1-28
2019-03-17 18:31:43,612 INFO o.a.j.t.JMeterThread: Thread started: Thread Group 1-29
2019-03-17 18:31:43,632 INFO o.a.j.t.JMeterThread: Thread started: Thread Group 1-30
2019-03-17 18:31:43,652 INFO o.a.j.t.JMeterThread: Thread started: Thread Group 1-31
2019-03-17 18:31:43,676 INFO o.a.j.t.JMeterThread: Thread started: Thread Group 1-32
2019-03-17 18:31:43,693 INFO o.a.j.t.JMeterThread: Thread started: Thread Group 1-33
2019-03-17 18:31:43,716 INFO o.a.j.t.JMeterThread: Thread started: Thread Group 1-34
2019-03-17 18:31:43,734 INFO o.a.j.t.JMeterThread: Thread started: Thread Group 1-35
2019-03-17 18:31:43,756 INFO o.a.j.t.JMeterThread: Thread started: Thread Group 1-36
2019-03-17 18:31:43,774 INFO o.a.j.t.JMeterThread: Thread started: Thread Group 1-37
2019-03-17 18:31:43,799 INFO o.a.j.t.JMeterThread: Thread started: Thread Group 1-38
2019-03-17 18:31:43,818 INFO o.a.j.t.JMeterThread: Thread started: Thread Group 1-39
2019-03-17 18:31:43,835 INFO o.a.j.t.JMeterThread: Thread started: Thread Group 1-40
2019-03-17 18:31:43,856 INFO o.a.j.t.JMeterThread: Thread started: Thread Group 1-41
2019-03-17 18:31:43,876 INFO o.a.j.t.JMeterThread: Thread started: Thread Group 1-42
2019-03-17 18:31:43,899 INFO o.a.j.t.JMeterThread: Thread started: Thread Group 1-43
2019-03-17 18:31:43,919 INFO o.a.j.t.JMeterThread: Thread started: Thread Group 1-44
2019-03-17 18:31:43,937 INFO o.a.j.t.JMeterThread: Thread started: Thread Group 1-45
2019-03-17 18:31:43,957 INFO o.a.j.t.JMeterThread: Thread started: Thread Group 1-46
2019-03-17 18:31:43,978 INFO o.a.j.t.JMeterThread: Thread started: Thread Group 1-47
2019-03-17 18:31:44,001 INFO o.a.j.t.JMeterThread: Thread started: Thread Group 1-48
2019-03-17 18:31:44,020 INFO o.a.j.t.JMeterThread: Thread started: Thread Group 1-49
2019-03-17 18:31:44,041 INFO o.a.j.t.JMeterThread: Thread started: Thread Group 1-50
2019-03-17 18:32:00,003 INFO o.a.j.r.Summariser: summary +   2651 in 00:00:17 =  155.7/s Avg:   307 Min:   187 Max:   731 Err:     0 (0.00%) Active: 50 Started: 50 Finished: 0
2019-03-17 18:32:30,001 INFO o.a.j.r.Summariser: summary +   4789 in 00:00:30 =  159.6/s Avg:   312 Min:   199 Max:   744 Err:     0 (0.00%) Active: 50 Started: 50 Finished: 0
2019-03-17 18:32:30,002 INFO o.a.j.r.Summariser: summary =   7440 in 00:00:47 =  158.2/s Avg:   310 Min:   187 Max:   744 Err:     0 (0.00%)
2019-03-17 18:32:43,033 INFO o.a.j.t.JMeterThread: Stopping because end time detected by thread: Thread Group 1-33
2019-03-17 18:32:43,034 INFO o.a.j.t.JMeterThread: Thread finished: Thread Group 1-33
2019-03-17 18:32:43,035 INFO o.a.j.t.JMeterThread: Stopping because end time detected by thread: Thread Group 1-49
2019-03-17 18:32:43,035 INFO o.a.j.t.JMeterThread: Thread finished: Thread Group 1-49
2019-03-17 18:32:43,041 INFO o.a.j.t.JMeterThread: Stopping because end time detected by thread: Thread Group 1-31
2019-03-17 18:32:43,042 INFO o.a.j.t.JMeterThread: Thread finished: Thread Group 1-31
2019-03-17 18:32:43,044 INFO o.a.j.t.JMeterThread: Stopping because end time detected by thread: Thread Group 1-5
2019-03-17 18:32:43,044 INFO o.a.j.t.JMeterThread: Thread finished: Thread Group 1-5
2019-03-17 18:32:43,052 INFO o.a.j.t.JMeterThread: Stopping because end time detected by thread: Thread Group 1-3
2019-03-17 18:32:43,052 INFO o.a.j.t.JMeterThread: Thread finished: Thread Group 1-3
2019-03-17 18:32:43,053 INFO o.a.j.t.JMeterThread: Stopping because end time detected by thread: Thread Group 1-43
2019-03-17 18:32:43,053 INFO o.a.j.t.JMeterThread: Thread finished: Thread Group 1-43
2019-03-17 18:32:43,065 INFO o.a.j.t.JMeterThread: Stopping because end time detected by thread: Thread Group 1-23
2019-03-17 18:32:43,066 INFO o.a.j.t.JMeterThread: Thread finished: Thread Group 1-23
2019-03-17 18:32:43,082 INFO o.a.j.t.JMeterThread: Stopping because end time detected by thread: Thread Group 1-11
2019-03-17 18:32:43,083 INFO o.a.j.t.JMeterThread: Thread finished: Thread Group 1-11
2019-03-17 18:32:43,085 INFO o.a.j.t.JMeterThread: Stopping because end time detected by thread: Thread Group 1-32
2019-03-17 18:32:43,085 INFO o.a.j.t.JMeterThread: Thread finished: Thread Group 1-32
2019-03-17 18:32:43,091 INFO o.a.j.t.JMeterThread: Stopping because end time detected by thread: Thread Group 1-42
2019-03-17 18:32:43,092 INFO o.a.j.t.JMeterThread: Thread finished: Thread Group 1-42
2019-03-17 18:32:43,103 INFO o.a.j.t.JMeterThread: Stopping because end time detected by thread: Thread Group 1-1
2019-03-17 18:32:43,104 INFO o.a.j.t.JMeterThread: Thread finished: Thread Group 1-1
2019-03-17 18:32:43,105 INFO o.a.j.t.JMeterThread: Stopping because end time detected by thread: Thread Group 1-14
2019-03-17 18:32:43,106 INFO o.a.j.t.JMeterThread: Thread finished: Thread Group 1-14
2019-03-17 18:32:43,110 INFO o.a.j.t.JMeterThread: Stopping because end time detected by thread: Thread Group 1-13
2019-03-17 18:32:43,111 INFO o.a.j.t.JMeterThread: Thread finished: Thread Group 1-13
2019-03-17 18:32:43,112 INFO o.a.j.t.JMeterThread: Stopping because end time detected by thread: Thread Group 1-46
2019-03-17 18:32:43,112 INFO o.a.j.t.JMeterThread: Thread finished: Thread Group 1-46
2019-03-17 18:32:43,123 INFO o.a.j.t.JMeterThread: Stopping because end time detected by thread: Thread Group 1-17
2019-03-17 18:32:43,123 INFO o.a.j.t.JMeterThread: Stopping because end time detected by thread: Thread Group 1-2
2019-03-17 18:32:43,123 INFO o.a.j.t.JMeterThread: Thread finished: Thread Group 1-17
2019-03-17 18:32:43,124 INFO o.a.j.t.JMeterThread: Thread finished: Thread Group 1-2
2019-03-17 18:32:43,124 INFO o.a.j.t.JMeterThread: Stopping because end time detected by thread: Thread Group 1-35
2019-03-17 18:32:43,125 INFO o.a.j.t.JMeterThread: Thread finished: Thread Group 1-35
2019-03-17 18:32:43,129 INFO o.a.j.t.JMeterThread: Stopping because end time detected by thread: Thread Group 1-22
2019-03-17 18:32:43,130 INFO o.a.j.t.JMeterThread: Thread finished: Thread Group 1-22
2019-03-17 18:32:43,131 INFO o.a.j.t.JMeterThread: Stopping because end time detected by thread: Thread Group 1-4
2019-03-17 18:32:43,131 INFO o.a.j.t.JMeterThread: Thread finished: Thread Group 1-4
2019-03-17 18:32:43,139 INFO o.a.j.t.JMeterThread: Stopping because end time detected by thread: Thread Group 1-24
2019-03-17 18:32:43,139 INFO o.a.j.t.JMeterThread: Thread finished: Thread Group 1-24
2019-03-17 18:32:43,153 INFO o.a.j.t.JMeterThread: Stopping because end time detected by thread: Thread Group 1-21
2019-03-17 18:32:43,153 INFO o.a.j.t.JMeterThread: Thread finished: Thread Group 1-21
2019-03-17 18:32:43,155 INFO o.a.j.t.JMeterThread: Stopping because end time detected by thread: Thread Group 1-34
2019-03-17 18:32:43,155 INFO o.a.j.t.JMeterThread: Thread finished: Thread Group 1-34
2019-03-17 18:32:43,157 INFO o.a.j.t.JMeterThread: Stopping because end time detected by thread: Thread Group 1-6
2019-03-17 18:32:43,158 INFO o.a.j.t.JMeterThread: Thread finished: Thread Group 1-6
2019-03-17 18:32:43,162 INFO o.a.j.t.JMeterThread: Stopping because end time detected by thread: Thread Group 1-36
2019-03-17 18:32:43,162 INFO o.a.j.t.JMeterThread: Thread finished: Thread Group 1-36
2019-03-17 18:32:43,164 INFO o.a.j.t.JMeterThread: Stopping because end time detected by thread: Thread Group 1-50
2019-03-17 18:32:43,164 INFO o.a.j.t.JMeterThread: Thread finished: Thread Group 1-50
2019-03-17 18:32:43,173 INFO o.a.j.t.JMeterThread: Stopping because end time detected by thread: Thread Group 1-27
2019-03-17 18:32:43,173 INFO o.a.j.t.JMeterThread: Thread finished: Thread Group 1-27
2019-03-17 18:32:43,179 INFO o.a.j.t.JMeterThread: Stopping because end time detected by thread: Thread Group 1-45
2019-03-17 18:32:43,180 INFO o.a.j.t.JMeterThread: Stopping because end time detected by thread: Thread Group 1-15
2019-03-17 18:32:43,180 INFO o.a.j.t.JMeterThread: Thread finished: Thread Group 1-45
2019-03-17 18:32:43,180 INFO o.a.j.t.JMeterThread: Stopping because end time detected by thread: Thread Group 1-18
2019-03-17 18:32:43,180 INFO o.a.j.t.JMeterThread: Thread finished: Thread Group 1-18
2019-03-17 18:32:43,180 INFO o.a.j.t.JMeterThread: Thread finished: Thread Group 1-15
2019-03-17 18:32:43,181 INFO o.a.j.t.JMeterThread: Stopping because end time detected by thread: Thread Group 1-28
2019-03-17 18:32:43,181 INFO o.a.j.t.JMeterThread: Thread finished: Thread Group 1-28
2019-03-17 18:32:43,189 INFO o.a.j.t.JMeterThread: Stopping because end time detected by thread: Thread Group 1-47
2019-03-17 18:32:43,189 INFO o.a.j.t.JMeterThread: Thread finished: Thread Group 1-47
2019-03-17 18:32:43,190 INFO o.a.j.t.JMeterThread: Stopping because end time detected by thread: Thread Group 1-38
2019-03-17 18:32:43,190 INFO o.a.j.t.JMeterThread: Thread finished: Thread Group 1-38
2019-03-17 18:32:43,192 INFO o.a.j.t.JMeterThread: Stopping because end time detected by thread: Thread Group 1-19
2019-03-17 18:32:43,192 INFO o.a.j.t.JMeterThread: Thread finished: Thread Group 1-19
2019-03-17 18:32:43,193 INFO o.a.j.t.JMeterThread: Stopping because end time detected by thread: Thread Group 1-7
2019-03-17 18:32:43,194 INFO o.a.j.t.JMeterThread: Thread finished: Thread Group 1-7
2019-03-17 18:32:43,194 INFO o.a.j.t.JMeterThread: Stopping because end time detected by thread: Thread Group 1-37
2019-03-17 18:32:43,195 INFO o.a.j.t.JMeterThread: Thread finished: Thread Group 1-37
2019-03-17 18:32:43,208 INFO o.a.j.t.JMeterThread: Stopping because end time detected by thread: Thread Group 1-9
2019-03-17 18:32:43,209 INFO o.a.j.t.JMeterThread: Thread finished: Thread Group 1-9
2019-03-17 18:32:43,215 INFO o.a.j.t.JMeterThread: Stopping because end time detected by thread: Thread Group 1-8
2019-03-17 18:32:43,216 INFO o.a.j.t.JMeterThread: Thread finished: Thread Group 1-8
2019-03-17 18:32:43,222 INFO o.a.j.t.JMeterThread: Stopping because end time detected by thread: Thread Group 1-30
2019-03-17 18:32:43,222 INFO o.a.j.t.JMeterThread: Thread finished: Thread Group 1-30
2019-03-17 18:32:43,232 INFO o.a.j.t.JMeterThread: Stopping because end time detected by thread: Thread Group 1-10
2019-03-17 18:32:43,232 INFO o.a.j.t.JMeterThread: Stopping because end time detected by thread: Thread Group 1-41
2019-03-17 18:32:43,233 INFO o.a.j.t.JMeterThread: Stopping because end time detected by thread: Thread Group 1-26
2019-03-17 18:32:43,233 INFO o.a.j.t.JMeterThread: Thread finished: Thread Group 1-41
2019-03-17 18:32:43,233 INFO o.a.j.t.JMeterThread: Thread finished: Thread Group 1-10
2019-03-17 18:32:43,233 INFO o.a.j.t.JMeterThread: Thread finished: Thread Group 1-26
2019-03-17 18:32:43,239 INFO o.a.j.t.JMeterThread: Stopping because end time detected by thread: Thread Group 1-39
2019-03-17 18:32:43,240 INFO o.a.j.t.JMeterThread: Thread finished: Thread Group 1-39
2019-03-17 18:32:43,239 INFO o.a.j.t.JMeterThread: Stopping because end time detected by thread: Thread Group 1-40
2019-03-17 18:32:43,240 INFO o.a.j.t.JMeterThread: Thread finished: Thread Group 1-40
2019-03-17 18:32:43,242 INFO o.a.j.t.JMeterThread: Stopping because end time detected by thread: Thread Group 1-44
2019-03-17 18:32:43,242 INFO o.a.j.t.JMeterThread: Stopping because end time detected by thread: Thread Group 1-25
2019-03-17 18:32:43,242 INFO o.a.j.t.JMeterThread: Thread finished: Thread Group 1-44
2019-03-17 18:32:43,242 INFO o.a.j.t.JMeterThread: Thread finished: Thread Group 1-25
2019-03-17 18:32:43,244 INFO o.a.j.t.JMeterThread: Stopping because end time detected by thread: Thread Group 1-29
2019-03-17 18:32:43,244 INFO o.a.j.t.JMeterThread: Stopping because end time detected by thread: Thread Group 1-20
2019-03-17 18:32:43,244 INFO o.a.j.t.JMeterThread: Thread finished: Thread Group 1-20
2019-03-17 18:32:43,244 INFO o.a.j.t.JMeterThread: Thread finished: Thread Group 1-29
2019-03-17 18:32:43,252 INFO o.a.j.t.JMeterThread: Stopping because end time detected by thread: Thread Group 1-12
2019-03-17 18:32:43,252 INFO o.a.j.t.JMeterThread: Thread finished: Thread Group 1-12
2019-03-17 18:32:43,265 INFO o.a.j.t.JMeterThread: Stopping because end time detected by thread: Thread Group 1-16
2019-03-17 18:32:43,265 INFO o.a.j.t.JMeterThread: Thread finished: Thread Group 1-16
2019-03-17 18:32:43,267 INFO o.a.j.t.JMeterThread: Stopping because end time detected by thread: Thread Group 1-48
2019-03-17 18:32:43,267 INFO o.a.j.t.JMeterThread: Thread finished: Thread Group 1-48
2019-03-17 18:32:43,268 INFO o.a.j.e.StandardJMeterEngine: Notifying test listeners of end of test
2019-03-17 18:32:43,270 INFO o.a.j.r.Summariser: summary +   1729 in 00:00:13 =  130.3/s Avg:   386 Min:   220 Max:  1732 Err:     0 (0.00%) Active: 0 Started: 50 Finished: 50
2019-03-17 18:32:43,271 INFO o.a.j.r.Summariser: summary =   9169 in 00:01:00 =  152.1/s Avg:   324 Min:   187 Max:  1732 Err:     0 (0.00%)
